<?xml version="1.0" encoding="UTF-8"?>
<testsuite xmlns:xsi="http://www.w3.org/2001/XMLSchema-instance" xsi:noNamespaceSchemaLocation="https://maven.apache.org/surefire/maven-surefire-plugin/xsd/surefire-test-report.xsd" name="com.isel.sincroserver.SincroserverApplicationTests" time="11.148" tests="3" errors="0" skipped="0" failures="0">
  <properties>
    <property name="java.specification.version" value="14"/>
    <property name="sun.cpu.isalist" value="amd64"/>
    <property name="sun.jnu.encoding" value="Cp1252"/>
    <property name="java.class.path" value="C:\Users\darkw\Documents\PS1920\sincroserver\target\test-classes;C:\Users\darkw\Documents\PS1920\sincroserver\target\classes;C:\Users\darkw\.m2\repository\org\springframework\boot\spring-boot-starter-actuator\2.2.5.RELEASE\spring-boot-starter-actuator-2.2.5.RELEASE.jar;C:\Users\darkw\.m2\repository\org\springframework\boot\spring-boot-actuator-autoconfigure\2.2.5.RELEASE\spring-boot-actuator-autoconfigure-2.2.5.RELEASE.jar;C:\Users\darkw\.m2\repository\org\springframework\boot\spring-boot-actuator\2.2.5.RELEASE\spring-boot-actuator-2.2.5.RELEASE.jar;C:\Users\darkw\.m2\repository\com\fasterxml\jackson\core\jackson-databind\2.10.2\jackson-databind-2.10.2.jar;C:\Users\darkw\.m2\repository\com\fasterxml\jackson\core\jackson-annotations\2.10.2\jackson-annotations-2.10.2.jar;C:\Users\darkw\.m2\repository\com\fasterxml\jackson\datatype\jackson-datatype-jsr310\2.10.2\jackson-datatype-jsr310-2.10.2.jar;C:\Users\darkw\.m2\repository\io\micrometer\micrometer-core\1.3.5\micrometer-core-1.3.5.jar;C:\Users\darkw\.m2\repository\org\hdrhistogram\HdrHistogram\2.1.11\HdrHistogram-2.1.11.jar;C:\Users\darkw\.m2\repository\org\latencyutils\LatencyUtils\2.0.3\LatencyUtils-2.0.3.jar;C:\Users\darkw\.m2\repository\org\springframework\boot\spring-boot-starter-jdbc\2.2.5.RELEASE\spring-boot-starter-jdbc-2.2.5.RELEASE.jar;C:\Users\darkw\.m2\repository\com\zaxxer\HikariCP\3.4.2\HikariCP-3.4.2.jar;C:\Users\darkw\.m2\repository\org\slf4j\slf4j-api\1.7.30\slf4j-api-1.7.30.jar;C:\Users\darkw\.m2\repository\org\springframework\spring-jdbc\5.2.4.RELEASE\spring-jdbc-5.2.4.RELEASE.jar;C:\Users\darkw\.m2\repository\org\springframework\spring-beans\5.2.4.RELEASE\spring-beans-5.2.4.RELEASE.jar;C:\Users\darkw\.m2\repository\org\springframework\spring-tx\5.2.4.RELEASE\spring-tx-5.2.4.RELEASE.jar;C:\Users\darkw\.m2\repository\org\springframework\boot\spring-boot-starter-oauth2-client\2.2.5.RELEASE\spring-boot-starter-oauth2-client-2.2.5.RELEASE.jar;C:\Users\darkw\.m2\repository\com\sun\mail\jakarta.mail\1.6.4\jakarta.mail-1.6.4.jar;C:\Users\darkw\.m2\repository\com\sun\activation\jakarta.activation\1.2.2\jakarta.activation-1.2.2.jar;C:\Users\darkw\.m2\repository\org\springframework\security\spring-security-config\5.2.2.RELEASE\spring-security-config-5.2.2.RELEASE.jar;C:\Users\darkw\.m2\repository\org\springframework\security\spring-security-core\5.2.2.RELEASE\spring-security-core-5.2.2.RELEASE.jar;C:\Users\darkw\.m2\repository\org\springframework\spring-expression\5.2.4.RELEASE\spring-expression-5.2.4.RELEASE.jar;C:\Users\darkw\.m2\repository\org\springframework\security\spring-security-oauth2-client\5.2.2.RELEASE\spring-security-oauth2-client-5.2.2.RELEASE.jar;C:\Users\darkw\.m2\repository\com\nimbusds\oauth2-oidc-sdk\6.14\oauth2-oidc-sdk-6.14.jar;C:\Users\darkw\.m2\repository\com\github\stephenc\jcip\jcip-annotations\1.0-1\jcip-annotations-1.0-1.jar;C:\Users\darkw\.m2\repository\com\nimbusds\lang-tag\1.4.4\lang-tag-1.4.4.jar;C:\Users\darkw\.m2\repository\org\springframework\security\spring-security-oauth2-core\5.2.2.RELEASE\spring-security-oauth2-core-5.2.2.RELEASE.jar;C:\Users\darkw\.m2\repository\org\springframework\security\spring-security-oauth2-jose\5.2.2.RELEASE\spring-security-oauth2-jose-5.2.2.RELEASE.jar;C:\Users\darkw\.m2\repository\com\nimbusds\nimbus-jose-jwt\7.8.1\nimbus-jose-jwt-7.8.1.jar;C:\Users\darkw\.m2\repository\org\springframework\boot\spring-boot-starter-oauth2-resource-server\2.2.5.RELEASE\spring-boot-starter-oauth2-resource-server-2.2.5.RELEASE.jar;C:\Users\darkw\.m2\repository\org\springframework\security\spring-security-oauth2-resource-server\5.2.2.RELEASE\spring-security-oauth2-resource-server-5.2.2.RELEASE.jar;C:\Users\darkw\.m2\repository\org\springframework\boot\spring-boot-starter-security\2.2.5.RELEASE\spring-boot-starter-security-2.2.5.RELEASE.jar;C:\Users\darkw\.m2\repository\org\springframework\spring-aop\5.2.4.RELEASE\spring-aop-5.2.4.RELEASE.jar;C:\Users\darkw\.m2\repository\org\springframework\security\spring-security-web\5.2.2.RELEASE\spring-security-web-5.2.2.RELEASE.jar;C:\Users\darkw\.m2\repository\org\springframework\boot\spring-boot-starter-thymeleaf\2.2.5.RELEASE\spring-boot-starter-thymeleaf-2.2.5.RELEASE.jar;C:\Users\darkw\.m2\repository\org\thymeleaf\thymeleaf-spring5\3.0.11.RELEASE\thymeleaf-spring5-3.0.11.RELEASE.jar;C:\Users\darkw\.m2\repository\org\thymeleaf\thymeleaf\3.0.11.RELEASE\thymeleaf-3.0.11.RELEASE.jar;C:\Users\darkw\.m2\repository\org\attoparser\attoparser\2.0.5.RELEASE\attoparser-2.0.5.RELEASE.jar;C:\Users\darkw\.m2\repository\org\unbescape\unbescape\1.1.6.RELEASE\unbescape-1.1.6.RELEASE.jar;C:\Users\darkw\.m2\repository\org\thymeleaf\extras\thymeleaf-extras-java8time\3.0.4.RELEASE\thymeleaf-extras-java8time-3.0.4.RELEASE.jar;C:\Users\darkw\.m2\repository\org\springframework\boot\spring-boot-starter-web\2.2.5.RELEASE\spring-boot-starter-web-2.2.5.RELEASE.jar;C:\Users\darkw\.m2\repository\org\springframework\boot\spring-boot-starter-json\2.2.5.RELEASE\spring-boot-starter-json-2.2.5.RELEASE.jar;C:\Users\darkw\.m2\repository\com\fasterxml\jackson\datatype\jackson-datatype-jdk8\2.10.2\jackson-datatype-jdk8-2.10.2.jar;C:\Users\darkw\.m2\repository\com\fasterxml\jackson\module\jackson-module-parameter-names\2.10.2\jackson-module-parameter-names-2.10.2.jar;C:\Users\darkw\.m2\repository\org\springframework\boot\spring-boot-starter-tomcat\2.2.5.RELEASE\spring-boot-starter-tomcat-2.2.5.RELEASE.jar;C:\Users\darkw\.m2\repository\org\apache\tomcat\embed\tomcat-embed-core\9.0.31\tomcat-embed-core-9.0.31.jar;C:\Users\darkw\.m2\repository\org\apache\tomcat\embed\tomcat-embed-el\9.0.31\tomcat-embed-el-9.0.31.jar;C:\Users\darkw\.m2\repository\org\apache\tomcat\embed\tomcat-embed-websocket\9.0.31\tomcat-embed-websocket-9.0.31.jar;C:\Users\darkw\.m2\repository\org\springframework\boot\spring-boot-starter-validation\2.2.5.RELEASE\spring-boot-starter-validation-2.2.5.RELEASE.jar;C:\Users\darkw\.m2\repository\jakarta\validation\jakarta.validation-api\2.0.2\jakarta.validation-api-2.0.2.jar;C:\Users\darkw\.m2\repository\org\hibernate\validator\hibernate-validator\6.0.18.Final\hibernate-validator-6.0.18.Final.jar;C:\Users\darkw\.m2\repository\org\jboss\logging\jboss-logging\3.4.1.Final\jboss-logging-3.4.1.Final.jar;C:\Users\darkw\.m2\repository\com\fasterxml\classmate\1.5.1\classmate-1.5.1.jar;C:\Users\darkw\.m2\repository\org\springframework\spring-web\5.2.4.RELEASE\spring-web-5.2.4.RELEASE.jar;C:\Users\darkw\.m2\repository\org\springframework\spring-webmvc\5.2.4.RELEASE\spring-webmvc-5.2.4.RELEASE.jar;C:\Users\darkw\.m2\repository\org\springframework\boot\spring-boot-starter-web-services\2.2.5.RELEASE\spring-boot-starter-web-services-2.2.5.RELEASE.jar;C:\Users\darkw\.m2\repository\com\sun\xml\messaging\saaj\saaj-impl\1.5.1\saaj-impl-1.5.1.jar;C:\Users\darkw\.m2\repository\jakarta\activation\jakarta.activation-api\1.2.2\jakarta.activation-api-1.2.2.jar;C:\Users\darkw\.m2\repository\jakarta\xml\soap\jakarta.xml.soap-api\1.4.1\jakarta.xml.soap-api-1.4.1.jar;C:\Users\darkw\.m2\repository\org\jvnet\mimepull\mimepull\1.9.12\mimepull-1.9.12.jar;C:\Users\darkw\.m2\repository\org\jvnet\staxex\stax-ex\1.8.1\stax-ex-1.8.1.jar;C:\Users\darkw\.m2\repository\jakarta\xml\ws\jakarta.xml.ws-api\2.3.2\jakarta.xml.ws-api-2.3.2.jar;C:\Users\darkw\.m2\repository\jakarta\jws\jakarta.jws-api\1.1.1\jakarta.jws-api-1.1.1.jar;C:\Users\darkw\.m2\repository\org\springframework\spring-oxm\5.2.4.RELEASE\spring-oxm-5.2.4.RELEASE.jar;C:\Users\darkw\.m2\repository\org\springframework\ws\spring-ws-core\3.0.8.RELEASE\spring-ws-core-3.0.8.RELEASE.jar;C:\Users\darkw\.m2\repository\org\springframework\ws\spring-xml\3.0.8.RELEASE\spring-xml-3.0.8.RELEASE.jar;C:\Users\darkw\.m2\repository\org\springframework\boot\spring-boot-starter-websocket\2.2.5.RELEASE\spring-boot-starter-websocket-2.2.5.RELEASE.jar;C:\Users\darkw\.m2\repository\org\springframework\spring-messaging\5.2.4.RELEASE\spring-messaging-5.2.4.RELEASE.jar;C:\Users\darkw\.m2\repository\org\springframework\spring-websocket\5.2.4.RELEASE\spring-websocket-5.2.4.RELEASE.jar;C:\Users\darkw\.m2\repository\de\codecentric\spring-boot-admin-starter-client\2.2.1\spring-boot-admin-starter-client-2.2.1.jar;C:\Users\darkw\.m2\repository\de\codecentric\spring-boot-admin-client\2.2.1\spring-boot-admin-client-2.2.1.jar;C:\Users\darkw\.m2\repository\org\jolokia\jolokia-core\1.6.2\jolokia-core-1.6.2.jar;C:\Users\darkw\.m2\repository\com\googlecode\json-simple\json-simple\1.1.1\json-simple-1.1.1.jar;C:\Users\darkw\.m2\repository\de\codecentric\spring-boot-admin-starter-server\2.2.1\spring-boot-admin-starter-server-2.2.1.jar;C:\Users\darkw\.m2\repository\de\codecentric\spring-boot-admin-server\2.2.1\spring-boot-admin-server-2.2.1.jar;C:\Users\darkw\.m2\repository\org\springframework\boot\spring-boot-starter-webflux\2.2.5.RELEASE\spring-boot-starter-webflux-2.2.5.RELEASE.jar;C:\Users\darkw\.m2\repository\org\springframework\boot\spring-boot-starter-reactor-netty\2.2.5.RELEASE\spring-boot-starter-reactor-netty-2.2.5.RELEASE.jar;C:\Users\darkw\.m2\repository\io\projectreactor\netty\reactor-netty\0.9.5.RELEASE\reactor-netty-0.9.5.RELEASE.jar;C:\Users\darkw\.m2\repository\io\netty\netty-codec-http\4.1.45.Final\netty-codec-http-4.1.45.Final.jar;C:\Users\darkw\.m2\repository\io\netty\netty-common\4.1.45.Final\netty-common-4.1.45.Final.jar;C:\Users\darkw\.m2\repository\io\netty\netty-buffer\4.1.45.Final\netty-buffer-4.1.45.Final.jar;C:\Users\darkw\.m2\repository\io\netty\netty-transport\4.1.45.Final\netty-transport-4.1.45.Final.jar;C:\Users\darkw\.m2\repository\io\netty\netty-resolver\4.1.45.Final\netty-resolver-4.1.45.Final.jar;C:\Users\darkw\.m2\repository\io\netty\netty-codec\4.1.45.Final\netty-codec-4.1.45.Final.jar;C:\Users\darkw\.m2\repository\io\netty\netty-codec-http2\4.1.45.Final\netty-codec-http2-4.1.45.Final.jar;C:\Users\darkw\.m2\repository\io\netty\netty-handler\4.1.45.Final\netty-handler-4.1.45.Final.jar;C:\Users\darkw\.m2\repository\io\netty\netty-handler-proxy\4.1.45.Final\netty-handler-proxy-4.1.45.Final.jar;C:\Users\darkw\.m2\repository\io\netty\netty-codec-socks\4.1.45.Final\netty-codec-socks-4.1.45.Final.jar;C:\Users\darkw\.m2\repository\io\netty\netty-transport-native-epoll\4.1.45.Final\netty-transport-native-epoll-4.1.45.Final-linux-x86_64.jar;C:\Users\darkw\.m2\repository\io\netty\netty-transport-native-unix-common\4.1.45.Final\netty-transport-native-unix-common-4.1.45.Final.jar;C:\Users\darkw\.m2\repository\org\glassfish\jakarta.el\3.0.3\jakarta.el-3.0.3.jar;C:\Users\darkw\.m2\repository\org\springframework\spring-webflux\5.2.4.RELEASE\spring-webflux-5.2.4.RELEASE.jar;C:\Users\darkw\.m2\repository\org\synchronoss\cloud\nio-multipart-parser\1.1.0\nio-multipart-parser-1.1.0.jar;C:\Users\darkw\.m2\repository\org\synchronoss\cloud\nio-stream-storage\1.1.3\nio-stream-storage-1.1.3.jar;C:\Users\darkw\.m2\repository\io\projectreactor\addons\reactor-extra\3.3.2.RELEASE\reactor-extra-3.3.2.RELEASE.jar;C:\Users\darkw\.m2\repository\io\projectreactor\reactor-core\3.3.3.RELEASE\reactor-core-3.3.3.RELEASE.jar;C:\Users\darkw\.m2\repository\org\reactivestreams\reactive-streams\1.0.3\reactive-streams-1.0.3.jar;C:\Users\darkw\.m2\repository\de\codecentric\spring-boot-admin-server-ui\2.2.1\spring-boot-admin-server-ui-2.2.1.jar;C:\Users\darkw\.m2\repository\de\codecentric\spring-boot-admin-server-cloud\2.2.1\spring-boot-admin-server-cloud-2.2.1.jar;C:\Users\darkw\.m2\repository\org\springframework\session\spring-session-jdbc\2.2.1.RELEASE\spring-session-jdbc-2.2.1.RELEASE.jar;C:\Users\darkw\.m2\repository\org\springframework\session\spring-session-core\2.2.1.RELEASE\spring-session-core-2.2.1.RELEASE.jar;C:\Users\darkw\.m2\repository\org\springframework\spring-jcl\5.2.4.RELEASE\spring-jcl-5.2.4.RELEASE.jar;C:\Users\darkw\.m2\repository\org\springframework\spring-context\5.2.4.RELEASE\spring-context-5.2.4.RELEASE.jar;C:\Users\darkw\.m2\repository\org\springframework\boot\spring-boot-starter\2.2.5.RELEASE\spring-boot-starter-2.2.5.RELEASE.jar;C:\Users\darkw\.m2\repository\org\springframework\boot\spring-boot\2.2.5.RELEASE\spring-boot-2.2.5.RELEASE.jar;C:\Users\darkw\.m2\repository\org\springframework\boot\spring-boot-autoconfigure\2.2.5.RELEASE\spring-boot-autoconfigure-2.2.5.RELEASE.jar;C:\Users\darkw\.m2\repository\jakarta\annotation\jakarta.annotation-api\1.3.5\jakarta.annotation-api-1.3.5.jar;C:\Users\darkw\.m2\repository\org\springframework\spring-core\5.2.4.RELEASE\spring-core-5.2.4.RELEASE.jar;C:\Users\darkw\.m2\repository\org\yaml\snakeyaml\1.25\snakeyaml-1.25.jar;C:\Users\darkw\.m2\repository\org\springframework\boot\spring-boot-starter-log4j2\2.2.5.RELEASE\spring-boot-starter-log4j2-2.2.5.RELEASE.jar;C:\Users\darkw\.m2\repository\org\apache\logging\log4j\log4j-slf4j-impl\2.12.1\log4j-slf4j-impl-2.12.1.jar;C:\Users\darkw\.m2\repository\org\apache\logging\log4j\log4j-api\2.12.1\log4j-api-2.12.1.jar;C:\Users\darkw\.m2\repository\org\apache\logging\log4j\log4j-core\2.12.1\log4j-core-2.12.1.jar;C:\Users\darkw\.m2\repository\org\apache\logging\log4j\log4j-jul\2.12.1\log4j-jul-2.12.1.jar;C:\Users\darkw\.m2\repository\org\slf4j\jul-to-slf4j\1.7.30\jul-to-slf4j-1.7.30.jar;C:\Users\darkw\.m2\repository\com\lmax\disruptor\3.4.2\disruptor-3.4.2.jar;C:\Users\darkw\.m2\repository\com\fasterxml\jackson\dataformat\jackson-dataformat-yaml\2.10.2\jackson-dataformat-yaml-2.10.2.jar;C:\Users\darkw\.m2\repository\com\fasterxml\jackson\core\jackson-core\2.10.2\jackson-core-2.10.2.jar;C:\Users\darkw\.m2\repository\org\springframework\boot\spring-boot-devtools\2.2.5.RELEASE\spring-boot-devtools-2.2.5.RELEASE.jar;C:\Users\darkw\.m2\repository\mysql\mysql-connector-java\8.0.19\mysql-connector-java-8.0.19.jar;C:\Users\darkw\.m2\repository\org\projectlombok\lombok\1.18.12\lombok-1.18.12.jar;C:\Users\darkw\.m2\repository\org\springframework\boot\spring-boot-starter-test\2.2.5.RELEASE\spring-boot-starter-test-2.2.5.RELEASE.jar;C:\Users\darkw\.m2\repository\org\springframework\boot\spring-boot-test\2.2.5.RELEASE\spring-boot-test-2.2.5.RELEASE.jar;C:\Users\darkw\.m2\repository\org\springframework\boot\spring-boot-test-autoconfigure\2.2.5.RELEASE\spring-boot-test-autoconfigure-2.2.5.RELEASE.jar;C:\Users\darkw\.m2\repository\com\jayway\jsonpath\json-path\2.4.0\json-path-2.4.0.jar;C:\Users\darkw\.m2\repository\net\minidev\json-smart\2.3\json-smart-2.3.jar;C:\Users\darkw\.m2\repository\net\minidev\accessors-smart\1.2\accessors-smart-1.2.jar;C:\Users\darkw\.m2\repository\org\ow2\asm\asm\5.0.4\asm-5.0.4.jar;C:\Users\darkw\.m2\repository\jakarta\xml\bind\jakarta.xml.bind-api\2.3.2\jakarta.xml.bind-api-2.3.2.jar;C:\Users\darkw\.m2\repository\org\junit\jupiter\junit-jupiter\5.5.2\junit-jupiter-5.5.2.jar;C:\Users\darkw\.m2\repository\org\junit\jupiter\junit-jupiter-api\5.5.2\junit-jupiter-api-5.5.2.jar;C:\Users\darkw\.m2\repository\org\apiguardian\apiguardian-api\1.1.0\apiguardian-api-1.1.0.jar;C:\Users\darkw\.m2\repository\org\opentest4j\opentest4j\1.2.0\opentest4j-1.2.0.jar;C:\Users\darkw\.m2\repository\org\junit\platform\junit-platform-commons\1.5.2\junit-platform-commons-1.5.2.jar;C:\Users\darkw\.m2\repository\org\junit\jupiter\junit-jupiter-params\5.5.2\junit-jupiter-params-5.5.2.jar;C:\Users\darkw\.m2\repository\org\junit\jupiter\junit-jupiter-engine\5.5.2\junit-jupiter-engine-5.5.2.jar;C:\Users\darkw\.m2\repository\org\junit\platform\junit-platform-engine\1.5.2\junit-platform-engine-1.5.2.jar;C:\Users\darkw\.m2\repository\org\mockito\mockito-junit-jupiter\3.1.0\mockito-junit-jupiter-3.1.0.jar;C:\Users\darkw\.m2\repository\org\assertj\assertj-core\3.13.2\assertj-core-3.13.2.jar;C:\Users\darkw\.m2\repository\org\hamcrest\hamcrest\2.1\hamcrest-2.1.jar;C:\Users\darkw\.m2\repository\org\mockito\mockito-core\3.1.0\mockito-core-3.1.0.jar;C:\Users\darkw\.m2\repository\net\bytebuddy\byte-buddy\1.10.8\byte-buddy-1.10.8.jar;C:\Users\darkw\.m2\repository\net\bytebuddy\byte-buddy-agent\1.10.8\byte-buddy-agent-1.10.8.jar;C:\Users\darkw\.m2\repository\org\objenesis\objenesis\2.6\objenesis-2.6.jar;C:\Users\darkw\.m2\repository\org\skyscreamer\jsonassert\1.5.0\jsonassert-1.5.0.jar;C:\Users\darkw\.m2\repository\com\vaadin\external\google\android-json\0.0.20131108.vaadin1\android-json-0.0.20131108.vaadin1.jar;C:\Users\darkw\.m2\repository\org\springframework\spring-test\5.2.4.RELEASE\spring-test-5.2.4.RELEASE.jar;C:\Users\darkw\.m2\repository\org\xmlunit\xmlunit-core\2.6.3\xmlunit-core-2.6.3.jar;C:\Users\darkw\.m2\repository\org\springframework\restdocs\spring-restdocs-mockmvc\2.0.4.RELEASE\spring-restdocs-mockmvc-2.0.4.RELEASE.jar;C:\Users\darkw\.m2\repository\javax\servlet\javax.servlet-api\4.0.1\javax.servlet-api-4.0.1.jar;C:\Users\darkw\.m2\repository\org\springframework\restdocs\spring-restdocs-core\2.0.4.RELEASE\spring-restdocs-core-2.0.4.RELEASE.jar;C:\Users\darkw\.m2\repository\org\springframework\security\spring-security-test\5.2.2.RELEASE\spring-security-test-5.2.2.RELEASE.jar;"/>
    <property name="java.vm.vendor" value="Oracle Corporation"/>
    <property name="sun.arch.data.model" value="64"/>
    <property name="user.variant" value=""/>
    <property name="java.vendor.url" value="https://java.oracle.com/"/>
    <property name="user.timezone" value="Europe/Lisbon"/>
    <property name="os.name" value="Windows 10"/>
    <property name="java.vm.specification.version" value="14"/>
    <property name="sun.java.launcher" value="SUN_STANDARD"/>
    <property name="user.country" value="GB"/>
    <property name="sun.boot.library.path" value="C:\Program Files\Java\jdk-14\bin"/>
    <property name="sun.java.command" value="C:\Users\darkw\AppData\Local\Temp\surefire7015180804778878171\surefirebooter1551252541406500313.jar C:\Users\darkw\AppData\Local\Temp\surefire7015180804778878171 2020-04-14T17-17-03_576-jvmRun1 surefire17646631417611443917tmp surefire_07384154878465942156tmp"/>
    <property name="jdk.debug" value="release"/>
    <property name="surefire.test.class.path" value="C:\Users\darkw\Documents\PS1920\sincroserver\target\test-classes;C:\Users\darkw\Documents\PS1920\sincroserver\target\classes;C:\Users\darkw\.m2\repository\org\springframework\boot\spring-boot-starter-actuator\2.2.5.RELEASE\spring-boot-starter-actuator-2.2.5.RELEASE.jar;C:\Users\darkw\.m2\repository\org\springframework\boot\spring-boot-actuator-autoconfigure\2.2.5.RELEASE\spring-boot-actuator-autoconfigure-2.2.5.RELEASE.jar;C:\Users\darkw\.m2\repository\org\springframework\boot\spring-boot-actuator\2.2.5.RELEASE\spring-boot-actuator-2.2.5.RELEASE.jar;C:\Users\darkw\.m2\repository\com\fasterxml\jackson\core\jackson-databind\2.10.2\jackson-databind-2.10.2.jar;C:\Users\darkw\.m2\repository\com\fasterxml\jackson\core\jackson-annotations\2.10.2\jackson-annotations-2.10.2.jar;C:\Users\darkw\.m2\repository\com\fasterxml\jackson\datatype\jackson-datatype-jsr310\2.10.2\jackson-datatype-jsr310-2.10.2.jar;C:\Users\darkw\.m2\repository\io\micrometer\micrometer-core\1.3.5\micrometer-core-1.3.5.jar;C:\Users\darkw\.m2\repository\org\hdrhistogram\HdrHistogram\2.1.11\HdrHistogram-2.1.11.jar;C:\Users\darkw\.m2\repository\org\latencyutils\LatencyUtils\2.0.3\LatencyUtils-2.0.3.jar;C:\Users\darkw\.m2\repository\org\springframework\boot\spring-boot-starter-jdbc\2.2.5.RELEASE\spring-boot-starter-jdbc-2.2.5.RELEASE.jar;C:\Users\darkw\.m2\repository\com\zaxxer\HikariCP\3.4.2\HikariCP-3.4.2.jar;C:\Users\darkw\.m2\repository\org\slf4j\slf4j-api\1.7.30\slf4j-api-1.7.30.jar;C:\Users\darkw\.m2\repository\org\springframework\spring-jdbc\5.2.4.RELEASE\spring-jdbc-5.2.4.RELEASE.jar;C:\Users\darkw\.m2\repository\org\springframework\spring-beans\5.2.4.RELEASE\spring-beans-5.2.4.RELEASE.jar;C:\Users\darkw\.m2\repository\org\springframework\spring-tx\5.2.4.RELEASE\spring-tx-5.2.4.RELEASE.jar;C:\Users\darkw\.m2\repository\org\springframework\boot\spring-boot-starter-oauth2-client\2.2.5.RELEASE\spring-boot-starter-oauth2-client-2.2.5.RELEASE.jar;C:\Users\darkw\.m2\repository\com\sun\mail\jakarta.mail\1.6.4\jakarta.mail-1.6.4.jar;C:\Users\darkw\.m2\repository\com\sun\activation\jakarta.activation\1.2.2\jakarta.activation-1.2.2.jar;C:\Users\darkw\.m2\repository\org\springframework\security\spring-security-config\5.2.2.RELEASE\spring-security-config-5.2.2.RELEASE.jar;C:\Users\darkw\.m2\repository\org\springframework\security\spring-security-core\5.2.2.RELEASE\spring-security-core-5.2.2.RELEASE.jar;C:\Users\darkw\.m2\repository\org\springframework\spring-expression\5.2.4.RELEASE\spring-expression-5.2.4.RELEASE.jar;C:\Users\darkw\.m2\repository\org\springframework\security\spring-security-oauth2-client\5.2.2.RELEASE\spring-security-oauth2-client-5.2.2.RELEASE.jar;C:\Users\darkw\.m2\repository\com\nimbusds\oauth2-oidc-sdk\6.14\oauth2-oidc-sdk-6.14.jar;C:\Users\darkw\.m2\repository\com\github\stephenc\jcip\jcip-annotations\1.0-1\jcip-annotations-1.0-1.jar;C:\Users\darkw\.m2\repository\com\nimbusds\lang-tag\1.4.4\lang-tag-1.4.4.jar;C:\Users\darkw\.m2\repository\org\springframework\security\spring-security-oauth2-core\5.2.2.RELEASE\spring-security-oauth2-core-5.2.2.RELEASE.jar;C:\Users\darkw\.m2\repository\org\springframework\security\spring-security-oauth2-jose\5.2.2.RELEASE\spring-security-oauth2-jose-5.2.2.RELEASE.jar;C:\Users\darkw\.m2\repository\com\nimbusds\nimbus-jose-jwt\7.8.1\nimbus-jose-jwt-7.8.1.jar;C:\Users\darkw\.m2\repository\org\springframework\boot\spring-boot-starter-oauth2-resource-server\2.2.5.RELEASE\spring-boot-starter-oauth2-resource-server-2.2.5.RELEASE.jar;C:\Users\darkw\.m2\repository\org\springframework\security\spring-security-oauth2-resource-server\5.2.2.RELEASE\spring-security-oauth2-resource-server-5.2.2.RELEASE.jar;C:\Users\darkw\.m2\repository\org\springframework\boot\spring-boot-starter-security\2.2.5.RELEASE\spring-boot-starter-security-2.2.5.RELEASE.jar;C:\Users\darkw\.m2\repository\org\springframework\spring-aop\5.2.4.RELEASE\spring-aop-5.2.4.RELEASE.jar;C:\Users\darkw\.m2\repository\org\springframework\security\spring-security-web\5.2.2.RELEASE\spring-security-web-5.2.2.RELEASE.jar;C:\Users\darkw\.m2\repository\org\springframework\boot\spring-boot-starter-thymeleaf\2.2.5.RELEASE\spring-boot-starter-thymeleaf-2.2.5.RELEASE.jar;C:\Users\darkw\.m2\repository\org\thymeleaf\thymeleaf-spring5\3.0.11.RELEASE\thymeleaf-spring5-3.0.11.RELEASE.jar;C:\Users\darkw\.m2\repository\org\thymeleaf\thymeleaf\3.0.11.RELEASE\thymeleaf-3.0.11.RELEASE.jar;C:\Users\darkw\.m2\repository\org\attoparser\attoparser\2.0.5.RELEASE\attoparser-2.0.5.RELEASE.jar;C:\Users\darkw\.m2\repository\org\unbescape\unbescape\1.1.6.RELEASE\unbescape-1.1.6.RELEASE.jar;C:\Users\darkw\.m2\repository\org\thymeleaf\extras\thymeleaf-extras-java8time\3.0.4.RELEASE\thymeleaf-extras-java8time-3.0.4.RELEASE.jar;C:\Users\darkw\.m2\repository\org\springframework\boot\spring-boot-starter-web\2.2.5.RELEASE\spring-boot-starter-web-2.2.5.RELEASE.jar;C:\Users\darkw\.m2\repository\org\springframework\boot\spring-boot-starter-json\2.2.5.RELEASE\spring-boot-starter-json-2.2.5.RELEASE.jar;C:\Users\darkw\.m2\repository\com\fasterxml\jackson\datatype\jackson-datatype-jdk8\2.10.2\jackson-datatype-jdk8-2.10.2.jar;C:\Users\darkw\.m2\repository\com\fasterxml\jackson\module\jackson-module-parameter-names\2.10.2\jackson-module-parameter-names-2.10.2.jar;C:\Users\darkw\.m2\repository\org\springframework\boot\spring-boot-starter-tomcat\2.2.5.RELEASE\spring-boot-starter-tomcat-2.2.5.RELEASE.jar;C:\Users\darkw\.m2\repository\org\apache\tomcat\embed\tomcat-embed-core\9.0.31\tomcat-embed-core-9.0.31.jar;C:\Users\darkw\.m2\repository\org\apache\tomcat\embed\tomcat-embed-el\9.0.31\tomcat-embed-el-9.0.31.jar;C:\Users\darkw\.m2\repository\org\apache\tomcat\embed\tomcat-embed-websocket\9.0.31\tomcat-embed-websocket-9.0.31.jar;C:\Users\darkw\.m2\repository\org\springframework\boot\spring-boot-starter-validation\2.2.5.RELEASE\spring-boot-starter-validation-2.2.5.RELEASE.jar;C:\Users\darkw\.m2\repository\jakarta\validation\jakarta.validation-api\2.0.2\jakarta.validation-api-2.0.2.jar;C:\Users\darkw\.m2\repository\org\hibernate\validator\hibernate-validator\6.0.18.Final\hibernate-validator-6.0.18.Final.jar;C:\Users\darkw\.m2\repository\org\jboss\logging\jboss-logging\3.4.1.Final\jboss-logging-3.4.1.Final.jar;C:\Users\darkw\.m2\repository\com\fasterxml\classmate\1.5.1\classmate-1.5.1.jar;C:\Users\darkw\.m2\repository\org\springframework\spring-web\5.2.4.RELEASE\spring-web-5.2.4.RELEASE.jar;C:\Users\darkw\.m2\repository\org\springframework\spring-webmvc\5.2.4.RELEASE\spring-webmvc-5.2.4.RELEASE.jar;C:\Users\darkw\.m2\repository\org\springframework\boot\spring-boot-starter-web-services\2.2.5.RELEASE\spring-boot-starter-web-services-2.2.5.RELEASE.jar;C:\Users\darkw\.m2\repository\com\sun\xml\messaging\saaj\saaj-impl\1.5.1\saaj-impl-1.5.1.jar;C:\Users\darkw\.m2\repository\jakarta\activation\jakarta.activation-api\1.2.2\jakarta.activation-api-1.2.2.jar;C:\Users\darkw\.m2\repository\jakarta\xml\soap\jakarta.xml.soap-api\1.4.1\jakarta.xml.soap-api-1.4.1.jar;C:\Users\darkw\.m2\repository\org\jvnet\mimepull\mimepull\1.9.12\mimepull-1.9.12.jar;C:\Users\darkw\.m2\repository\org\jvnet\staxex\stax-ex\1.8.1\stax-ex-1.8.1.jar;C:\Users\darkw\.m2\repository\jakarta\xml\ws\jakarta.xml.ws-api\2.3.2\jakarta.xml.ws-api-2.3.2.jar;C:\Users\darkw\.m2\repository\jakarta\jws\jakarta.jws-api\1.1.1\jakarta.jws-api-1.1.1.jar;C:\Users\darkw\.m2\repository\org\springframework\spring-oxm\5.2.4.RELEASE\spring-oxm-5.2.4.RELEASE.jar;C:\Users\darkw\.m2\repository\org\springframework\ws\spring-ws-core\3.0.8.RELEASE\spring-ws-core-3.0.8.RELEASE.jar;C:\Users\darkw\.m2\repository\org\springframework\ws\spring-xml\3.0.8.RELEASE\spring-xml-3.0.8.RELEASE.jar;C:\Users\darkw\.m2\repository\org\springframework\boot\spring-boot-starter-websocket\2.2.5.RELEASE\spring-boot-starter-websocket-2.2.5.RELEASE.jar;C:\Users\darkw\.m2\repository\org\springframework\spring-messaging\5.2.4.RELEASE\spring-messaging-5.2.4.RELEASE.jar;C:\Users\darkw\.m2\repository\org\springframework\spring-websocket\5.2.4.RELEASE\spring-websocket-5.2.4.RELEASE.jar;C:\Users\darkw\.m2\repository\de\codecentric\spring-boot-admin-starter-client\2.2.1\spring-boot-admin-starter-client-2.2.1.jar;C:\Users\darkw\.m2\repository\de\codecentric\spring-boot-admin-client\2.2.1\spring-boot-admin-client-2.2.1.jar;C:\Users\darkw\.m2\repository\org\jolokia\jolokia-core\1.6.2\jolokia-core-1.6.2.jar;C:\Users\darkw\.m2\repository\com\googlecode\json-simple\json-simple\1.1.1\json-simple-1.1.1.jar;C:\Users\darkw\.m2\repository\de\codecentric\spring-boot-admin-starter-server\2.2.1\spring-boot-admin-starter-server-2.2.1.jar;C:\Users\darkw\.m2\repository\de\codecentric\spring-boot-admin-server\2.2.1\spring-boot-admin-server-2.2.1.jar;C:\Users\darkw\.m2\repository\org\springframework\boot\spring-boot-starter-webflux\2.2.5.RELEASE\spring-boot-starter-webflux-2.2.5.RELEASE.jar;C:\Users\darkw\.m2\repository\org\springframework\boot\spring-boot-starter-reactor-netty\2.2.5.RELEASE\spring-boot-starter-reactor-netty-2.2.5.RELEASE.jar;C:\Users\darkw\.m2\repository\io\projectreactor\netty\reactor-netty\0.9.5.RELEASE\reactor-netty-0.9.5.RELEASE.jar;C:\Users\darkw\.m2\repository\io\netty\netty-codec-http\4.1.45.Final\netty-codec-http-4.1.45.Final.jar;C:\Users\darkw\.m2\repository\io\netty\netty-common\4.1.45.Final\netty-common-4.1.45.Final.jar;C:\Users\darkw\.m2\repository\io\netty\netty-buffer\4.1.45.Final\netty-buffer-4.1.45.Final.jar;C:\Users\darkw\.m2\repository\io\netty\netty-transport\4.1.45.Final\netty-transport-4.1.45.Final.jar;C:\Users\darkw\.m2\repository\io\netty\netty-resolver\4.1.45.Final\netty-resolver-4.1.45.Final.jar;C:\Users\darkw\.m2\repository\io\netty\netty-codec\4.1.45.Final\netty-codec-4.1.45.Final.jar;C:\Users\darkw\.m2\repository\io\netty\netty-codec-http2\4.1.45.Final\netty-codec-http2-4.1.45.Final.jar;C:\Users\darkw\.m2\repository\io\netty\netty-handler\4.1.45.Final\netty-handler-4.1.45.Final.jar;C:\Users\darkw\.m2\repository\io\netty\netty-handler-proxy\4.1.45.Final\netty-handler-proxy-4.1.45.Final.jar;C:\Users\darkw\.m2\repository\io\netty\netty-codec-socks\4.1.45.Final\netty-codec-socks-4.1.45.Final.jar;C:\Users\darkw\.m2\repository\io\netty\netty-transport-native-epoll\4.1.45.Final\netty-transport-native-epoll-4.1.45.Final-linux-x86_64.jar;C:\Users\darkw\.m2\repository\io\netty\netty-transport-native-unix-common\4.1.45.Final\netty-transport-native-unix-common-4.1.45.Final.jar;C:\Users\darkw\.m2\repository\org\glassfish\jakarta.el\3.0.3\jakarta.el-3.0.3.jar;C:\Users\darkw\.m2\repository\org\springframework\spring-webflux\5.2.4.RELEASE\spring-webflux-5.2.4.RELEASE.jar;C:\Users\darkw\.m2\repository\org\synchronoss\cloud\nio-multipart-parser\1.1.0\nio-multipart-parser-1.1.0.jar;C:\Users\darkw\.m2\repository\org\synchronoss\cloud\nio-stream-storage\1.1.3\nio-stream-storage-1.1.3.jar;C:\Users\darkw\.m2\repository\io\projectreactor\addons\reactor-extra\3.3.2.RELEASE\reactor-extra-3.3.2.RELEASE.jar;C:\Users\darkw\.m2\repository\io\projectreactor\reactor-core\3.3.3.RELEASE\reactor-core-3.3.3.RELEASE.jar;C:\Users\darkw\.m2\repository\org\reactivestreams\reactive-streams\1.0.3\reactive-streams-1.0.3.jar;C:\Users\darkw\.m2\repository\de\codecentric\spring-boot-admin-server-ui\2.2.1\spring-boot-admin-server-ui-2.2.1.jar;C:\Users\darkw\.m2\repository\de\codecentric\spring-boot-admin-server-cloud\2.2.1\spring-boot-admin-server-cloud-2.2.1.jar;C:\Users\darkw\.m2\repository\org\springframework\session\spring-session-jdbc\2.2.1.RELEASE\spring-session-jdbc-2.2.1.RELEASE.jar;C:\Users\darkw\.m2\repository\org\springframework\session\spring-session-core\2.2.1.RELEASE\spring-session-core-2.2.1.RELEASE.jar;C:\Users\darkw\.m2\repository\org\springframework\spring-jcl\5.2.4.RELEASE\spring-jcl-5.2.4.RELEASE.jar;C:\Users\darkw\.m2\repository\org\springframework\spring-context\5.2.4.RELEASE\spring-context-5.2.4.RELEASE.jar;C:\Users\darkw\.m2\repository\org\springframework\boot\spring-boot-starter\2.2.5.RELEASE\spring-boot-starter-2.2.5.RELEASE.jar;C:\Users\darkw\.m2\repository\org\springframework\boot\spring-boot\2.2.5.RELEASE\spring-boot-2.2.5.RELEASE.jar;C:\Users\darkw\.m2\repository\org\springframework\boot\spring-boot-autoconfigure\2.2.5.RELEASE\spring-boot-autoconfigure-2.2.5.RELEASE.jar;C:\Users\darkw\.m2\repository\jakarta\annotation\jakarta.annotation-api\1.3.5\jakarta.annotation-api-1.3.5.jar;C:\Users\darkw\.m2\repository\org\springframework\spring-core\5.2.4.RELEASE\spring-core-5.2.4.RELEASE.jar;C:\Users\darkw\.m2\repository\org\yaml\snakeyaml\1.25\snakeyaml-1.25.jar;C:\Users\darkw\.m2\repository\org\springframework\boot\spring-boot-starter-log4j2\2.2.5.RELEASE\spring-boot-starter-log4j2-2.2.5.RELEASE.jar;C:\Users\darkw\.m2\repository\org\apache\logging\log4j\log4j-slf4j-impl\2.12.1\log4j-slf4j-impl-2.12.1.jar;C:\Users\darkw\.m2\repository\org\apache\logging\log4j\log4j-api\2.12.1\log4j-api-2.12.1.jar;C:\Users\darkw\.m2\repository\org\apache\logging\log4j\log4j-core\2.12.1\log4j-core-2.12.1.jar;C:\Users\darkw\.m2\repository\org\apache\logging\log4j\log4j-jul\2.12.1\log4j-jul-2.12.1.jar;C:\Users\darkw\.m2\repository\org\slf4j\jul-to-slf4j\1.7.30\jul-to-slf4j-1.7.30.jar;C:\Users\darkw\.m2\repository\com\lmax\disruptor\3.4.2\disruptor-3.4.2.jar;C:\Users\darkw\.m2\repository\com\fasterxml\jackson\dataformat\jackson-dataformat-yaml\2.10.2\jackson-dataformat-yaml-2.10.2.jar;C:\Users\darkw\.m2\repository\com\fasterxml\jackson\core\jackson-core\2.10.2\jackson-core-2.10.2.jar;C:\Users\darkw\.m2\repository\org\springframework\boot\spring-boot-devtools\2.2.5.RELEASE\spring-boot-devtools-2.2.5.RELEASE.jar;C:\Users\darkw\.m2\repository\mysql\mysql-connector-java\8.0.19\mysql-connector-java-8.0.19.jar;C:\Users\darkw\.m2\repository\org\projectlombok\lombok\1.18.12\lombok-1.18.12.jar;C:\Users\darkw\.m2\repository\org\springframework\boot\spring-boot-starter-test\2.2.5.RELEASE\spring-boot-starter-test-2.2.5.RELEASE.jar;C:\Users\darkw\.m2\repository\org\springframework\boot\spring-boot-test\2.2.5.RELEASE\spring-boot-test-2.2.5.RELEASE.jar;C:\Users\darkw\.m2\repository\org\springframework\boot\spring-boot-test-autoconfigure\2.2.5.RELEASE\spring-boot-test-autoconfigure-2.2.5.RELEASE.jar;C:\Users\darkw\.m2\repository\com\jayway\jsonpath\json-path\2.4.0\json-path-2.4.0.jar;C:\Users\darkw\.m2\repository\net\minidev\json-smart\2.3\json-smart-2.3.jar;C:\Users\darkw\.m2\repository\net\minidev\accessors-smart\1.2\accessors-smart-1.2.jar;C:\Users\darkw\.m2\repository\org\ow2\asm\asm\5.0.4\asm-5.0.4.jar;C:\Users\darkw\.m2\repository\jakarta\xml\bind\jakarta.xml.bind-api\2.3.2\jakarta.xml.bind-api-2.3.2.jar;C:\Users\darkw\.m2\repository\org\junit\jupiter\junit-jupiter\5.5.2\junit-jupiter-5.5.2.jar;C:\Users\darkw\.m2\repository\org\junit\jupiter\junit-jupiter-api\5.5.2\junit-jupiter-api-5.5.2.jar;C:\Users\darkw\.m2\repository\org\apiguardian\apiguardian-api\1.1.0\apiguardian-api-1.1.0.jar;C:\Users\darkw\.m2\repository\org\opentest4j\opentest4j\1.2.0\opentest4j-1.2.0.jar;C:\Users\darkw\.m2\repository\org\junit\platform\junit-platform-commons\1.5.2\junit-platform-commons-1.5.2.jar;C:\Users\darkw\.m2\repository\org\junit\jupiter\junit-jupiter-params\5.5.2\junit-jupiter-params-5.5.2.jar;C:\Users\darkw\.m2\repository\org\junit\jupiter\junit-jupiter-engine\5.5.2\junit-jupiter-engine-5.5.2.jar;C:\Users\darkw\.m2\repository\org\junit\platform\junit-platform-engine\1.5.2\junit-platform-engine-1.5.2.jar;C:\Users\darkw\.m2\repository\org\mockito\mockito-junit-jupiter\3.1.0\mockito-junit-jupiter-3.1.0.jar;C:\Users\darkw\.m2\repository\org\assertj\assertj-core\3.13.2\assertj-core-3.13.2.jar;C:\Users\darkw\.m2\repository\org\hamcrest\hamcrest\2.1\hamcrest-2.1.jar;C:\Users\darkw\.m2\repository\org\mockito\mockito-core\3.1.0\mockito-core-3.1.0.jar;C:\Users\darkw\.m2\repository\net\bytebuddy\byte-buddy\1.10.8\byte-buddy-1.10.8.jar;C:\Users\darkw\.m2\repository\net\bytebuddy\byte-buddy-agent\1.10.8\byte-buddy-agent-1.10.8.jar;C:\Users\darkw\.m2\repository\org\objenesis\objenesis\2.6\objenesis-2.6.jar;C:\Users\darkw\.m2\repository\org\skyscreamer\jsonassert\1.5.0\jsonassert-1.5.0.jar;C:\Users\darkw\.m2\repository\com\vaadin\external\google\android-json\0.0.20131108.vaadin1\android-json-0.0.20131108.vaadin1.jar;C:\Users\darkw\.m2\repository\org\springframework\spring-test\5.2.4.RELEASE\spring-test-5.2.4.RELEASE.jar;C:\Users\darkw\.m2\repository\org\xmlunit\xmlunit-core\2.6.3\xmlunit-core-2.6.3.jar;C:\Users\darkw\.m2\repository\org\springframework\restdocs\spring-restdocs-mockmvc\2.0.4.RELEASE\spring-restdocs-mockmvc-2.0.4.RELEASE.jar;C:\Users\darkw\.m2\repository\javax\servlet\javax.servlet-api\4.0.1\javax.servlet-api-4.0.1.jar;C:\Users\darkw\.m2\repository\org\springframework\restdocs\spring-restdocs-core\2.0.4.RELEASE\spring-restdocs-core-2.0.4.RELEASE.jar;C:\Users\darkw\.m2\repository\org\springframework\security\spring-security-test\5.2.2.RELEASE\spring-security-test-5.2.2.RELEASE.jar;"/>
    <property name="sun.cpu.endian" value="little"/>
    <property name="user.home" value="C:\Users\darkw"/>
    <property name="user.language" value="en"/>
    <property name="java.specification.vendor" value="Oracle Corporation"/>
    <property name="java.version.date" value="2020-03-17"/>
    <property name="java.home" value="C:\Program Files\Java\jdk-14"/>
    <property name="file.separator" value="\"/>
    <property name="basedir" value="C:\Users\darkw\Documents\PS1920\sincroserver"/>
    <property name="java.vm.compressedOopsMode" value="Zero based"/>
    <property name="line.separator" value="&#10;"/>
    <property name="java.vm.specification.vendor" value="Oracle Corporation"/>
    <property name="java.specification.name" value="Java Platform API Specification"/>
    <property name="surefire.real.class.path" value="C:\Users\darkw\AppData\Local\Temp\surefire7015180804778878171\surefirebooter1551252541406500313.jar"/>
    <property name="user.script" value=""/>
    <property name="sun.management.compiler" value="HotSpot 64-Bit Tiered Compilers"/>
    <property name="java.runtime.version" value="14+36-1461"/>
    <property name="user.name" value="darkw"/>
    <property name="path.separator" value=";"/>
    <property name="os.version" value="10.0"/>
    <property name="java.runtime.name" value="Java(TM) SE Runtime Environment"/>
    <property name="file.encoding" value="Cp1252"/>
    <property name="java.vm.name" value="Java HotSpot(TM) 64-Bit Server VM"/>
    <property name="idea.version2020.1" value="true"/>
    <property name="localRepository" value="C:\Users\darkw\.m2\repository"/>
    <property name="java.vendor.url.bug" value="https://bugreport.java.com/bugreport/"/>
    <property name="java.io.tmpdir" value="C:\Users\darkw\AppData\Local\Temp\"/>
    <property name="java.version" value="14"/>
    <property name="user.dir" value="C:\Users\darkw\Documents\PS1920\sincroserver"/>
    <property name="os.arch" value="amd64"/>
    <property name="java.vm.specification.name" value="Java Virtual Machine Specification"/>
    <property name="sun.os.patch.level" value=""/>
    <property name="java.library.path" value="C:\Program Files\Java\jdk-14\bin;C:\WINDOWS\Sun\Java\bin;C:\WINDOWS\system32;C:\WINDOWS;C:\WINDOWS\system32;C:\WINDOWS;C:\WINDOWS\system32\wbem;C:\WINDOWS\system32\windowspowershell\v1.0\;c:\program files (x86)\intel\icls client\;c:\program files\intel\icls client\;c:\windows\system32;c:\windows;c:\windows\system32\wbem;c:\windows\system32\windowspowershell\v1.0\;c:\program files (x86)\nvidia corporation\physx\common;c:\program files (x86)\intel\intel(r) management engine components\dal;c:\program files\intel\intel(r) management engine components\dal;c:\program files (x86)\intel\intel(r) management engine components\ipt;c:\program files\intel\intel(r) management engine components\ipt;c:\windows\system32\openssh\;c:\program files\nvidia corporation\nvidia nvdlisr;C:\WINDOWS\system32\openssh\;C:\Program Files (x86)\NoteBook FanControl\;C:\Program Files\Git\cmd;C:\Program Files\MySQL\MySQL Shell 8.0\bin\;C:\Users\darkw\AppData\Local\Microsoft\WindowsApps;%DASHLANE_DLL_DIR%;;."/>
    <property name="java.vm.info" value="mixed mode, sharing"/>
    <property name="java.vendor" value="Oracle Corporation"/>
    <property name="java.vm.version" value="14+36-1461"/>
    <property name="sun.io.unicode.encoding" value="UnicodeLittle"/>
    <property name="java.class.version" value="58.0"/>
  </properties>
  <testcase name="testFileResources" classname="com.isel.sincroserver.SincroserverApplicationTests" time="0.735"/>
  <testcase name="testRepositoryDriverOps" classname="com.isel.sincroserver.SincroserverApplicationTests" time="0.241"/>
  <testcase name="contextLoads" classname="com.isel.sincroserver.SincroserverApplicationTests" time="0.006"/>
</testsuite>